STDOUT:

STDERR:
[2026-03-29 23:03:59 +0000] [1] [INFO] Starting gunicorn 25.3.0
[2026-03-29 23:03:59 +0000] [1] [INFO] Listening at: http://0.0.0.0:8000 (1)
[2026-03-29 23:03:59 +0000] [1] [INFO] Using worker: uvicorn.workers.UvicornWorker
[2026-03-29 23:03:59 +0000] [7] [INFO] Booting worker with pid: 7
[2026-03-29 23:03:59 +0000] [8] [INFO] Booting worker with pid: 8
[2026-03-29 23:03:59 +0000] [9] [INFO] Booting worker with pid: 9
[2026-03-29 23:03:59 +0000] [10] [INFO] Booting worker with pid: 10
[2026-03-29 23:03:59 +0000] [1] [ERROR] Control server error: [Errno 13] Permission denied: '/home/truthmeshuser'
WARNING:root:FIELD_ENCRYPTION_KEY not set. Storing data in PLAINTEXT.
WARNING:root:FIELD_ENCRYPTION_KEY not set. Storing data in PLAINTEXT.
WARNING:root:FIELD_ENCRYPTION_KEY not set. Storing data in PLAINTEXT.
WARNING:root:FIELD_ENCRYPTION_KEY not set. Storing data in PLAINTEXT.
[2026-03-29 23:04:00 +0000] [7] [ERROR] Exception in worker process
Traceback (most recent call last):
  File "/opt/venv/lib/python3.12/site-packages/gunicorn/arbiter.py", line 713, in spawn_worker
    worker.init_process()
  File "/opt/venv/lib/python3.12/site-packages/gunicorn/workers/base.py", line 136, in init_process
    self.load_wsgi()
  File "/opt/venv/lib/python3.12/site-packages/gunicorn/workers/base.py", line 148, in load_wsgi
    self.wsgi = self.app.wsgi()
                ^^^^^^^^^^^^^^^
  File "/opt/venv/lib/python3.12/site-packages/gunicorn/app/base.py", line 66, in wsgi
    self.callable = self.load()
                    ^^^^^^^^^^^
  File "/opt/venv/lib/python3.12/site-packages/gunicorn/app/wsgiapp.py", line 57, in load
    return self.load_wsgiapp()
           ^^^^^^^^^^^^^^^^^^^
  File "/opt/venv/lib/python3.12/site-packages/gunicorn/app/wsgiapp.py", line 47, in load_wsgiapp
    return util.import_app(self.app_uri)
           ^^^^^^^^^^^^^^^^^^^^^^^^^^^^^
  File "/opt/venv/lib/python3.12/site-packages/gunicorn/util.py", line 377, in import_app
    mod = importlib.import_module(module)
          ^^^^^^^^^^^^^^^^^^^^^^^^^^^^^^^
  File "/usr/local/lib/python3.12/importlib/__init__.py", line 90, in import_module
    return _bootstrap._gcd_import(name[level:], package, level)
           ^^^^^^^^^^^^^^^^^^^^^^^^^^^^^^^^^^^^^^^^^^^^^^^^^^^^
  File "<frozen importlib._bootstrap>", line 1387, in _gcd_import
  File "<frozen importlib._bootstrap>", line 1360, in _find_and_load
  File "<frozen importlib._bootstrap>", line 1331, in _find_and_load_unlocked
  File "<frozen importlib._bootstrap>", line 935, in _load_unlocked
  File "<frozen importlib._bootstrap_external>", line 999, in exec_module
  File "<frozen importlib._bootstrap>", line 488, in _call_with_frames_removed
  File "/app/main.py", line 68, in <module>
    from pipeline.verifier import verify_claim
  File "/app/pipeline/verifier.py", line 22, in <module>
    from tenacity import retry, stop_after_attempt, wait_exponential, retry_if_exception_type
ModuleNotFoundError: No module named 'tenacity'
No module named 'tenacity'
[2026-03-29 23:04:00 +0000] [7] [INFO] Worker exiting (pid: 7)
[2026-03-29 23:04:00 +0000] [8] [ERROR] Exception in worker process
Traceback (most recent call last):
  File "/opt/venv/lib/python3.12/site-packages/gunicorn/arbiter.py", line 713, in spawn_worker
    worker.init_process()
  File "/opt/venv/lib/python3.12/site-packages/gunicorn/workers/base.py", line 136, in init_process
    self.load_wsgi()
  File "/opt/venv/lib/python3.12/site-packages/gunicorn/workers/base.py", line 148, in load_wsgi
    self.wsgi = self.app.wsgi()
                ^^^^^^^^^^^^^^^
  File "/opt/venv/lib/python3.12/site-packages/gunicorn/app/base.py", line 66, in wsgi
    self.callable = self.load()
                    ^^^^^^^^^^^
  File "/opt/venv/lib/python3.12/site-packages/gunicorn/app/wsgiapp.py", line 57, in load
    return self.load_wsgiapp()
           ^^^^^^^^^^^^^^^^^^^
  File "/opt/venv/lib/python3.12/site-packages/gunicorn/app/wsgiapp.py", line 47, in load_wsgiapp
    return util.import_app(self.app_uri)
           ^^^^^^^^^^^^^^^^^^^^^^^^^^^^^
  File "/opt/venv/lib/python3.12/site-packages/gunicorn/util.py", line 377, in import_app
    mod = importlib.import_module(module)
          ^^^^^^^^^^^^^^^^^^^^^^^^^^^^^^^
  File "/usr/local/lib/python3.12/importlib/__init__.py", line 90, in import_module
    return _bootstrap._gcd_import(name[level:], package, level)
           ^^^^^^^^^^^^^^^^^^^^^^^^^^^^^^^^^^^^^^^^^^^^^^^^^^^^
  File "<frozen importlib._bootstrap>", line 1387, in _gcd_import
  File "<frozen importlib._bootstrap>", line 1360, in _find_and_load
  File "<frozen importlib._bootstrap>", line 1331, in _find_and_load_unlocked
  File "<frozen importlib._bootstrap>", line 935, in _load_unlocked
  File "<frozen importlib._bootstrap_external>", line 999, in exec_module
  File "<frozen importlib._bootstrap>", line 488, in _call_with_frames_removed
  File "/app/main.py", line 68, in <module>
    from pipeline.verifier import verify_claim
  File "/app/pipeline/verifier.py", line 22, in <module>
    from tenacity import retry, stop_after_attempt, wait_exponential, retry_if_exception_type
ModuleNotFoundError: No module named 'tenacity'
No module named 'tenacity'
[2026-03-29 23:04:00 +0000] [8] [INFO] Worker exiting (pid: 8)
[2026-03-29 23:04:00 +0000] [9] [ERROR] Exception in worker process
Traceback (most recent call last):
  File "/opt/venv/lib/python3.12/site-packages/gunicorn/arbiter.py", line 713, in spawn_worker
    worker.init_process()
  File "/opt/venv/lib/python3.12/site-packages/gunicorn/workers/base.py", line 136, in init_process
    self.load_wsgi()
  File "/opt/venv/lib/python3.12/site-packages/gunicorn/workers/base.py", line 148, in load_wsgi
    self.wsgi = self.app.wsgi()
                ^^^^^^^^^^^^^^^
  File "/opt/venv/lib/python3.12/site-packages/gunicorn/app/base.py", line 66, in wsgi
    self.callable = self.load()
                    ^^^^^^^^^^^
  File "/opt/venv/lib/python3.12/site-packages/gunicorn/app/wsgiapp.py", line 57, in load
    return self.load_wsgiapp()
           ^^^^^^^^^^^^^^^^^^^
  File "/opt/venv/lib/python3.12/site-packages/gunicorn/app/wsgiapp.py", line 47, in load_wsgiapp
    return util.import_app(self.app_uri)
           ^^^^^^^^^^^^^^^^^^^^^^^^^^^^^
  File "/opt/venv/lib/python3.12/site-packages/gunicorn/util.py", line 377, in import_app
    mod = importlib.import_module(module)
          ^^^^^^^^^^^^^^^^^^^^^^^^^^^^^^^
  File "/usr/local/lib/python3.12/importlib/__init__.py", line 90, in import_module
    return _bootstrap._gcd_import(name[level:], package, level)
           ^^^^^^^^^^^^^^^^^^^^^^^^^^^^^^^^^^^^^^^^^^^^^^^^^^^^
  File "<frozen importlib._bootstrap>", line 1387, in _gcd_import
  File "<frozen importlib._bootstrap>", line 1360, in _find_and_load
  File "<frozen importlib._bootstrap>", line 1331, in _find_and_load_unlocked
  File "<frozen importlib._bootstrap>", line 935, in _load_unlocked
  File "<frozen importlib._bootstrap_external>", line 999, in exec_module
  File "<frozen importlib._bootstrap>", line 488, in _call_with_frames_removed
  File "/app/main.py", line 68, in <module>
    from pipeline.verifier import verify_claim
  File "/app/pipeline/verifier.py", line 22, in <module>
    from tenacity import retry, stop_after_attempt, wait_exponential, retry_if_exception_type
ModuleNotFoundError: No module named 'tenacity'
No module named 'tenacity'
[2026-03-29 23:04:00 +0000] [9] [INFO] Worker exiting (pid: 9)
[2026-03-29 23:04:00 +0000] [10] [ERROR] Exception in worker process
Traceback (most recent call last):
  File "/opt/venv/lib/python3.12/site-packages/gunicorn/arbiter.py", line 713, in spawn_worker
    worker.init_process()
  File "/opt/venv/lib/python3.12/site-packages/gunicorn/workers/base.py", line 136, in init_process
    self.load_wsgi()
  File "/opt/venv/lib/python3.12/site-packages/gunicorn/workers/base.py", line 148, in load_wsgi
    self.wsgi = self.app.wsgi()
                ^^^^^^^^^^^^^^^
  File "/opt/venv/lib/python3.12/site-packages/gunicorn/app/base.py", line 66, in wsgi
    self.callable = self.load()
                    ^^^^^^^^^^^
  File "/opt/venv/lib/python3.12/site-packages/gunicorn/app/wsgiapp.py", line 57, in load
    return self.load_wsgiapp()
           ^^^^^^^^^^^^^^^^^^^
  File "/opt/venv/lib/python3.12/site-packages/gunicorn/app/wsgiapp.py", line 47, in load_wsgiapp
    return util.import_app(self.app_uri)
           ^^^^^^^^^^^^^^^^^^^^^^^^^^^^^
  File "/opt/venv/lib/python3.12/site-packages/gunicorn/util.py", line 377, in import_app
    mod = importlib.import_module(module)
          ^^^^^^^^^^^^^^^^^^^^^^^^^^^^^^^
  File "/usr/local/lib/python3.12/importlib/__init__.py", line 90, in import_module
    return _bootstrap._gcd_import(name[level:], package, level)
           ^^^^^^^^^^^^^^^^^^^^^^^^^^^^^^^^^^^^^^^^^^^^^^^^^^^^
  File "<frozen importlib._bootstrap>", line 1387, in _gcd_import
  File "<frozen importlib._bootstrap>", line 1360, in _find_and_load
  File "<frozen importlib._bootstrap>", line 1331, in _find_and_load_unlocked
  File "<frozen importlib._bootstrap>", line 935, in _load_unlocked
  File "<frozen importlib._bootstrap_external>", line 999, in exec_module
  File "<frozen importlib._bootstrap>", line 488, in _call_with_frames_removed
  File "/app/main.py", line 68, in <module>
    from pipeline.verifier import verify_claim
  File "/app/pipeline/verifier.py", line 22, in <module>
    from tenacity import retry, stop_after_attempt, wait_exponential, retry_if_exception_type
ModuleNotFoundError: No module named 'tenacity'
No module named 'tenacity'
[2026-03-29 23:04:00 +0000] [10] [INFO] Worker exiting (pid: 10)
[2026-03-29 23:04:00 +0000] [1] [ERROR] Worker (pid:8) exited with code 3.
[2026-03-29 23:04:00 +0000] [1] [ERROR] Worker (pid:7) exited with code 3.
Traceback (most recent call last):
  File "/opt/venv/lib/python3.12/site-packages/gunicorn/arbiter.py", line 246, in run
    handler()
  File "/opt/venv/lib/python3.12/site-packages/gunicorn/arbiter.py", line 271, in handle_chld
    self.reap_workers()
  File "/opt/venv/lib/python3.12/site-packages/gunicorn/arbiter.py", line 641, in reap_workers
    raise HaltServer(reason, self.WORKER_BOOT_ERROR)
gunicorn.errors.HaltServer: <HaltServer 'Worker failed to boot.' 3>

During handling of the above exception, another exception occurred:

Traceback (most recent call last):
  File "/opt/venv/bin/gunicorn", line 6, in <module>
    sys.exit(run())
             ^^^^^
  File "/opt/venv/lib/python3.12/site-packages/gunicorn/app/wsgiapp.py", line 66, in run
    WSGIApplication("%(prog)s [OPTIONS] [APP_MODULE]", prog=prog).run()
  File "/opt/venv/lib/python3.12/site-packages/gunicorn/app/base.py", line 235, in run
    super().run()
  File "/opt/venv/lib/python3.12/site-packages/gunicorn/app/base.py", line 71, in run
    Arbiter(self).run()
  File "/opt/venv/lib/python3.12/site-packages/gunicorn/arbiter.py", line 254, in run
    self.halt(reason=inst.reason, exit_status=inst.exit_status)
  File "/opt/venv/lib/python3.12/site-packages/gunicorn/arbiter.py", line 378, in halt
    self.stop()
  File "/opt/venv/lib/python3.12/site-packages/gunicorn/arbiter.py", line 458, in stop
    self.reap_workers()
  File "/opt/venv/lib/python3.12/site-packages/gunicorn/arbiter.py", line 641, in reap_workers
    raise HaltServer(reason, self.WORKER_BOOT_ERROR)
gunicorn.errors.HaltServer: <HaltServer 'Worker failed to boot.' 3>
