2026-03-23T18:20:23.9023166Z State: Starting, Action: EstablishingSiteNetworks, LastError: , LastErrorTimestamp: 01/01/0001 00:00:00, LastErrorDetails: , Details: , DetailsLevel: INFO
2026-03-23T18:20:27.1393192Z State: Starting, Action: StartingSiteContainers, LastError: , LastErrorTimestamp: 01/01/0001 00:00:00, LastErrorDetails: , Details: , DetailsLevel: INFO
2026-03-23T18:20:27.1486795Z Container start method called.
2026-03-23T18:20:27.1763996Z State: Starting, Action: PullingImage, LastError: , LastErrorTimestamp: 01/01/0001 00:00:00, LastErrorDetails: , Details: Pulling image 10.1.0.6:13209/appsvc/python:3.11_20260203.2.tuxprod for truthmeshsjain., DetailsLevel: INFO
2026-03-23T18:20:27.1768663Z Establishing network.
2026-03-23T18:20:27.1923125Z Pulling image: appsvc/python:3.11_20260203.2.tuxprod.
2026-03-23T18:20:28.2798135Z Image appsvc/python:3.11_20260203.2.tuxprod is pulled from registry 10.1.0.6:13209
2026-03-23T18:20:28.3154875Z Container is starting.
2026-03-23T18:20:28.3161814Z State: Starting, Action: MountingVolumes, LastError: , LastErrorTimestamp: 01/01/0001 00:00:00, LastErrorDetails: , Details: Mounting volumes for truthmeshsjain., DetailsLevel: INFO
2026-03-23T18:20:28.3168425Z Establishing user namespace if not established already.
2026-03-23T18:20:28.3173488Z Establishing network if not established already.
2026-03-23T18:20:28.3177249Z Mounting volumes.
2026-03-23T18:20:28.3358714Z Nested mountpoint 
2026-03-23T18:20:28.4180979Z Nested mountpoint volatile/logs
2026-03-23T18:20:28.4640155Z Nested mountpoint 
2026-03-23T18:20:28.5092377Z Nested mountpoint 
2026-03-23T18:20:28.5400280Z Nested mountpoint 
2026-03-23T18:20:28.8633914Z State: Starting, Action: CreatingContainer, LastError: , LastErrorTimestamp: 01/01/0001 00:00:00, LastErrorDetails: , Details: Finished pulling container image and mounting volumes for truthmeshsjain. Allocatinng the rest of the container resources to finish container creation., DetailsLevel: INFO
2026-03-23T18:20:28.8642410Z Creating container.
2026-03-23T18:20:28.8658966Z Creating pipes for streaming container io.
2026-03-23T18:20:28.8728068Z Creating stdout named pipe at /podr/container/pipe/b41c572a8757_truthmeshsjain/stdout_70bc2c78cddb4a4cac9bbd773565a97c.
2026-03-23T18:20:28.8745819Z Successfully created stdout named pipe at: /podr/container/pipe/b41c572a8757_truthmeshsjain/stdout_70bc2c78cddb4a4cac9bbd773565a97c.
2026-03-23T18:20:28.8819897Z Opening named pipe /podr/container/pipe/b41c572a8757_truthmeshsjain/stdout_70bc2c78cddb4a4cac9bbd773565a97c for reading in non-blocking mode.
2026-03-23T18:20:28.8828900Z Successfully opened named pipe: /podr/container/pipe/b41c572a8757_truthmeshsjain/stdout_70bc2c78cddb4a4cac9bbd773565a97c.
2026-03-23T18:20:28.8836916Z Successfully removed non-blocking flag from /podr/container/pipe/b41c572a8757_truthmeshsjain/stdout_70bc2c78cddb4a4cac9bbd773565a97c.
2026-03-23T18:20:28.8928361Z Creating stderr named pipe at /podr/container/pipe/b41c572a8757_truthmeshsjain/stderr_f39c98a9da004c4c8bbeff9612ccb929.
2026-03-23T18:20:28.8931479Z Successfully created stderr named pipe at: /podr/container/pipe/b41c572a8757_truthmeshsjain/stderr_f39c98a9da004c4c8bbeff9612ccb929.
2026-03-23T18:20:28.9000790Z Opening named pipe /podr/container/pipe/b41c572a8757_truthmeshsjain/stderr_f39c98a9da004c4c8bbeff9612ccb929 for reading in non-blocking mode.
2026-03-23T18:20:28.9003896Z Successfully opened named pipe: /podr/container/pipe/b41c572a8757_truthmeshsjain/stderr_f39c98a9da004c4c8bbeff9612ccb929.
2026-03-23T18:20:28.9005605Z Successfully removed non-blocking flag from /podr/container/pipe/b41c572a8757_truthmeshsjain/stderr_f39c98a9da004c4c8bbeff9612ccb929.
2026-03-23T18:20:28.9034085Z Creating container with image: appsvc/python:3.11_20260203.2.tuxprod from registry: 10.1.0.6:13209 and fully qualified image name: 10.1.0.6:13209/appsvc/python:3.11_20260203.2.tuxprod
2026-03-23T18:20:30.8505762Z Starting container: b41c572a8757_truthmeshsjain.
2026-03-23T18:20:31.1801417Z Starting watchers and probes.
2026-03-23T18:20:31.2564574Z Starting metrics collection.
2026-03-23T18:20:31.2854310Z Container is running.
2026-03-23T18:20:31.2858998Z State: Starting, Action: CreatingContainer, LastError: , LastErrorTimestamp: 01/01/0001 00:00:00, LastErrorDetails: , Details: Container truthmeshsjain successfully created and is running., DetailsLevel: INFO
2026-03-23T18:20:32.1689002Z Container start method finished after 5019 ms.
2026-03-23T18:20:32.1788216Z State: Starting, Action: InitiatingSiteWarmUpProbe, LastError: , LastErrorTimestamp: 01/01/0001 00:00:00, LastErrorDetails: , Details: Container truthmeshsjain successfully created and is running., DetailsLevel: INFO
2026-03-23T18:20:32.2718419Z State: Starting, Action: WaitingForSiteWarmUpProbeSuccess, LastError: , LastErrorTimestamp: 01/01/0001 00:00:00, LastErrorDetails: , Details: Pinging warmup path to ensure container is ready to receive requests., DetailsLevel: INFO
2026-03-23T18:21:08.7110076Z Container has finished running with exit code: 1.
2026-03-23T18:21:08.7743377Z Container is terminating. Grace period: 5 seconds.
2026-03-23T18:21:08.8221616Z Stop and delete container. Retry count = 0
2026-03-23T18:21:08.8408092Z Stopping container: b41c572a8757_truthmeshsjain.
2026-03-23T18:21:08.9622429Z Deleting container: b41c572a8757_truthmeshsjain. Retry count = 0
2026-03-23T18:21:09.3310082Z Container spec TerminationMessagePolicy  path 
2026-03-23T18:21:09.3598219Z Container is terminated. Total time elapsed: 559 ms.
2026-03-23T18:21:09.3608563Z Site container: truthmeshsjain terminated during site startup.
2026-03-23T18:21:09.3705494Z State: Stopping, Action: CancellingStartup, LastError: , LastErrorTimestamp: 01/01/0001 00:00:00, LastErrorDetails: , Details: Site container: truthmeshsjain terminated during site startup. Cancelling site startup., DetailsLevel: ERR
2026-03-23T18:21:09.4987166Z Site startup probe failed after 37.1215377 seconds.
2026-03-23T18:21:09.7900250Z State: Stopping, Action: CancellingStartup, LastError: ContainerTimeout, LastErrorTimestamp: 03/23/2026 18:21:09, LastErrorDetails: Container did not start within expected time limit of 230s. Please inspect your container logs for more details., Details: Site container: truthmeshsjain terminated during site startup. Cancelling site startup., DetailsLevel: ERR
2026-03-23T18:21:09.8193973Z Failed to start site. Revert by stopping site.
2026-03-23T18:21:09.8573080Z State: Stopping, Action: StoppingSite, LastError: ContainerTimeout, LastErrorTimestamp: 03/23/2026 18:21:09, LastErrorDetails: Container did not start within expected time limit of 230s. Please inspect your container logs for more details., Details: Site container: truthmeshsjain terminated during site startup. Cancelling site startup., DetailsLevel: ERR
2026-03-23T18:21:09.8748773Z State: Stopping, Action: StoppingSiteContainers, LastError: ContainerTimeout, LastErrorTimestamp: 03/23/2026 18:21:09, LastErrorDetails: Container did not start within expected time limit of 230s. Please inspect your container logs for more details., Details: Site container: truthmeshsjain terminated during site startup. Cancelling site startup., DetailsLevel: ERR
2026-03-23T18:21:09.8760865Z Site: truthmeshsjain stopped.
2026-03-23T18:21:09.9209518Z State: Stopping, Action: UnmountingVolumes, LastError: ContainerTimeout, LastErrorTimestamp: 03/23/2026 18:21:09, LastErrorDetails: Container did not start within expected time limit of 230s. Please inspect your container logs for more details., Details: Site container: truthmeshsjain terminated during site startup. Cancelling site startup., DetailsLevel: ERR
2026-03-23T18:21:10.5920958Z State: Stopping, Action: StoppingSiteNetworks, LastError: ContainerTimeout, LastErrorTimestamp: 03/23/2026 18:21:09, LastErrorDetails: Container did not start within expected time limit of 230s. Please inspect your container logs for more details., Details: Site container: truthmeshsjain terminated during site startup. Cancelling site startup., DetailsLevel: ERR
2026-03-23T18:21:10.9733465Z State: Stopped, Action: None, LastError: ContainerTimeout, LastErrorTimestamp: 03/23/2026 18:21:09, LastErrorDetails: Container did not start within expected time limit of 230s. Please inspect your container logs for more details., Details: Site stopped at 03/23/2026 18:21:10 (UTC), DetailsLevel: ERR
2026-03-23T18:21:11.7573737Z State: Stopped, Action: None, LastError: ContainerTimeout, LastErrorTimestamp: 03/23/2026 18:21:09, LastErrorDetails: Container did not start within expected time limit of 230s. Please inspect your container logs for more details., Details: Site stopped at 03/23/2026 18:21:10 (UTC), DetailsLevel: ERR
2026-03-23T18:21:17.1865628Z State: Starting, Action: EstablishingSiteNetworks, LastError: ContainerTimeout, LastErrorTimestamp: 03/23/2026 18:21:09, LastErrorDetails: Container did not start within expected time limit of 230s. Please inspect your container logs for more details., Details: Site stopped at 03/23/2026 18:21:10 (UTC), DetailsLevel: ERR
2026-03-23T18:21:18.8223906Z State: Starting, Action: StartingSiteContainers, LastError: ContainerTimeout, LastErrorTimestamp: 03/23/2026 18:21:09, LastErrorDetails: Container did not start within expected time limit of 230s. Please inspect your container logs for more details., Details: Site stopped at 03/23/2026 18:21:10 (UTC), DetailsLevel: ERR
2026-03-23T18:21:18.8385950Z Container start method called.
2026-03-23T18:21:18.8396995Z State: Starting, Action: PullingImage, LastError: ContainerTimeout, LastErrorTimestamp: 03/23/2026 18:21:09, LastErrorDetails: Container did not start within expected time limit of 230s. Please inspect your container logs for more details., Details: Pulling image 10.1.0.6:13209/appsvc/python:3.11_20260203.2.tuxprod for truthmeshsjain., DetailsLevel: INFO
2026-03-23T18:21:18.8478566Z Establishing network.
2026-03-23T18:21:18.8480701Z Pulling image: appsvc/python:3.11_20260203.2.tuxprod.
2026-03-23T18:21:19.2479400Z Container is starting.
2026-03-23T18:21:19.2481100Z State: Starting, Action: MountingVolumes, LastError: ContainerTimeout, LastErrorTimestamp: 03/23/2026 18:21:09, LastErrorDetails: Container did not start within expected time limit of 230s. Please inspect your container logs for more details., Details: Mounting volumes for truthmeshsjain., DetailsLevel: INFO
2026-03-23T18:21:19.2482618Z Establishing user namespace if not established already.
2026-03-23T18:21:19.2484819Z Establishing network if not established already.
2026-03-23T18:21:19.2486854Z Mounting volumes.
2026-03-23T18:21:19.2568681Z Nested mountpoint 
2026-03-23T18:21:19.2658511Z Nested mountpoint volatile/logs
2026-03-23T18:21:19.2841141Z Nested mountpoint 
2026-03-23T18:21:19.2855553Z Nested mountpoint 
2026-03-23T18:21:19.3051483Z Nested mountpoint 
2026-03-23T18:21:19.7271705Z State: Starting, Action: CreatingContainer, LastError: ContainerTimeout, LastErrorTimestamp: 03/23/2026 18:21:09, LastErrorDetails: Container did not start within expected time limit of 230s. Please inspect your container logs for more details., Details: Finished pulling container image and mounting volumes for truthmeshsjain. Allocatinng the rest of the container resources to finish container creation., DetailsLevel: INFO
2026-03-23T18:21:19.7277557Z Creating container.
2026-03-23T18:21:19.7286548Z Creating pipes for streaming container io.
2026-03-23T18:21:19.7293440Z Creating stdout named pipe at /podr/container/pipe/27147c23149a_truthmeshsjain/stdout_4317757263d944fb982bf92bc6aba501.
2026-03-23T18:21:19.7360827Z Successfully created stdout named pipe at: /podr/container/pipe/27147c23149a_truthmeshsjain/stdout_4317757263d944fb982bf92bc6aba501.
2026-03-23T18:21:19.7368839Z Opening named pipe /podr/container/pipe/27147c23149a_truthmeshsjain/stdout_4317757263d944fb982bf92bc6aba501 for reading in non-blocking mode.
2026-03-23T18:21:19.7376018Z Successfully opened named pipe: /podr/container/pipe/27147c23149a_truthmeshsjain/stdout_4317757263d944fb982bf92bc6aba501.
2026-03-23T18:21:19.7462721Z Successfully removed non-blocking flag from /podr/container/pipe/27147c23149a_truthmeshsjain/stdout_4317757263d944fb982bf92bc6aba501.
2026-03-23T18:21:19.7475754Z Creating stderr named pipe at /podr/container/pipe/27147c23149a_truthmeshsjain/stderr_cf411791d3f54215bc8849076256987c.
2026-03-23T18:21:19.7493847Z Successfully created stderr named pipe at: /podr/container/pipe/27147c23149a_truthmeshsjain/stderr_cf411791d3f54215bc8849076256987c.
2026-03-23T18:21:19.7652698Z Opening named pipe /podr/container/pipe/27147c23149a_truthmeshsjain/stderr_cf411791d3f54215bc8849076256987c for reading in non-blocking mode.
2026-03-23T18:21:19.7658739Z Successfully opened named pipe: /podr/container/pipe/27147c23149a_truthmeshsjain/stderr_cf411791d3f54215bc8849076256987c.
2026-03-23T18:21:19.7666698Z Successfully removed non-blocking flag from /podr/container/pipe/27147c23149a_truthmeshsjain/stderr_cf411791d3f54215bc8849076256987c.
2026-03-23T18:21:19.7674673Z Creating container with image: appsvc/python:3.11_20260203.2.tuxprod from registry: 10.1.0.6:13209 and fully qualified image name: 10.1.0.6:13209/appsvc/python:3.11_20260203.2.tuxprod
2026-03-23T18:21:20.3619483Z Starting container: 27147c23149a_truthmeshsjain.
2026-03-23T18:21:20.4848341Z Starting watchers and probes.
2026-03-23T18:21:20.5039490Z Starting metrics collection.
2026-03-23T18:21:20.5043115Z Container is running.
2026-03-23T18:21:20.5044341Z State: Starting, Action: CreatingContainer, LastError: ContainerTimeout, LastErrorTimestamp: 03/23/2026 18:21:09, LastErrorDetails: Container did not start within expected time limit of 230s. Please inspect your container logs for more details., Details: Container truthmeshsjain successfully created and is running., DetailsLevel: INFO
2026-03-23T18:21:20.7404398Z Container start method finished after 1901 ms.
2026-03-23T18:21:20.7413968Z State: Starting, Action: InitiatingSiteWarmUpProbe, LastError: ContainerTimeout, LastErrorTimestamp: 03/23/2026 18:21:09, LastErrorDetails: Container did not start within expected time limit of 230s. Please inspect your container logs for more details., Details: Container truthmeshsjain successfully created and is running., DetailsLevel: INFO
2026-03-23T18:21:20.7499852Z State: Starting, Action: WaitingForSiteWarmUpProbeSuccess, LastError: ContainerTimeout, LastErrorTimestamp: 03/23/2026 18:21:09, LastErrorDetails: Container did not start within expected time limit of 230s. Please inspect your container logs for more details., Details: Pinging warmup path to ensure container is ready to receive requests., DetailsLevel: INFO
2026-03-23T18:21:54.0268925Z Container has finished running with exit code: 1.
2026-03-23T18:21:54.0271584Z Container is terminating. Grace period: 5 seconds.
2026-03-23T18:21:54.0351580Z Stop and delete container. Retry count = 0
2026-03-23T18:21:54.0353795Z Stopping container: 27147c23149a_truthmeshsjain.
2026-03-23T18:21:54.1240338Z Deleting container: 27147c23149a_truthmeshsjain. Retry count = 0
2026-03-23T18:21:54.4299443Z Container spec TerminationMessagePolicy  path 
2026-03-23T18:21:54.4390843Z Container is terminated. Total time elapsed: 402 ms.
2026-03-23T18:21:54.4395770Z Site container: truthmeshsjain terminated during site startup.
2026-03-23T18:21:54.4402195Z State: Stopping, Action: CancellingStartup, LastError: ContainerTimeout, LastErrorTimestamp: 03/23/2026 18:21:09, LastErrorDetails: Container did not start within expected time limit of 230s. Please inspect your container logs for more details., Details: Site container: truthmeshsjain terminated during site startup. Cancelling site startup., DetailsLevel: ERR
2026-03-23T18:21:54.4681933Z Site startup probe failed after 33.6957276 seconds.
2026-03-23T18:21:54.5913972Z State: Stopping, Action: CancellingStartup, LastError: ContainerTimeout, LastErrorTimestamp: 03/23/2026 18:21:54, LastErrorDetails: Container did not start within expected time limit of 230s. Please inspect your container logs for more details., Details: Site container: truthmeshsjain terminated during site startup. Cancelling site startup., DetailsLevel: ERR
2026-03-23T18:21:54.5937594Z Failed to start site. Revert by stopping site.
2026-03-23T18:21:54.5941500Z State: Stopping, Action: StoppingSite, LastError: ContainerTimeout, LastErrorTimestamp: 03/23/2026 18:21:54, LastErrorDetails: Container did not start within expected time limit of 230s. Please inspect your container logs for more details., Details: Site container: truthmeshsjain terminated during site startup. Cancelling site startup., DetailsLevel: ERR
2026-03-23T18:21:54.6376119Z State: Stopping, Action: StoppingSiteContainers, LastError: ContainerTimeout, LastErrorTimestamp: 03/23/2026 18:21:54, LastErrorDetails: Container did not start within expected time limit of 230s. Please inspect your container logs for more details., Details: Site container: truthmeshsjain terminated during site startup. Cancelling site startup., DetailsLevel: ERR
2026-03-23T18:21:54.6376771Z Site: truthmeshsjain stopped.
2026-03-23T18:21:54.6485939Z State: Stopping, Action: UnmountingVolumes, LastError: ContainerTimeout, LastErrorTimestamp: 03/23/2026 18:21:54, LastErrorDetails: Container did not start within expected time limit of 230s. Please inspect your container logs for more details., Details: Site container: truthmeshsjain terminated during site startup. Cancelling site startup., DetailsLevel: ERR
2026-03-23T18:21:54.9201861Z State: Stopping, Action: StoppingSiteNetworks, LastError: ContainerTimeout, LastErrorTimestamp: 03/23/2026 18:21:54, LastErrorDetails: Container did not start within expected time limit of 230s. Please inspect your container logs for more details., Details: Site container: truthmeshsjain terminated during site startup. Cancelling site startup., DetailsLevel: ERR
2026-03-23T18:21:55.2623747Z Site: truthmeshsjain will be blocked for 1 minutes till 03/23/2026 18:22:55
2026-03-23T18:21:55.2769892Z State: Blocked, Action: StoppingSiteNetworks, LastError: ContainerTimeout, LastErrorTimestamp: 03/23/2026 18:21:54, LastErrorDetails: Container did not start within expected time limit of 230s. Please inspect your container logs for more details., Details: Site: truthmeshsjain will be blocked for 1 minutes till 03/23/2026 18:22:55, DetailsLevel: WARN
2026-03-23T18:21:55.3432323Z State: Stopped, Action: None, LastError: ContainerTimeout, LastErrorTimestamp: 03/23/2026 18:21:54, LastErrorDetails: Container did not start within expected time limit of 230s. Please inspect your container logs for more details., Details: Site stopped at 03/23/2026 18:21:55 (UTC), DetailsLevel: WARN
2026-03-23T18:21:55.8932778Z State: Stopped, Action: None, LastError: ContainerTimeout, LastErrorTimestamp: 03/23/2026 18:21:54, LastErrorDetails: Container did not start within expected time limit of 230s. Please inspect your container logs for more details., Details: Site stopped at 03/23/2026 18:21:55 (UTC), DetailsLevel: WARN
2026-03-23T18:22:45.0571146Z State: Blocked, Action: None, LastError: ContainerTimeout, LastErrorTimestamp: 03/23/2026 18:21:54, LastErrorDetails: Container did not start within expected time limit of 230s. Please inspect your container logs for more details., Details: Site is blocked due to multiple, consecutive cold start failures. Site scheduled to be unblocked at 03/23/2026 18:22:55, DetailsLevel: WARN
2026-03-23T18:22:45.0572216Z Start site prohibitted because the site is being blocked.
2026-03-23T18:22:50.5027412Z State: Blocked, Action: None, LastError: ContainerTimeout, LastErrorTimestamp: 03/23/2026 18:21:54, LastErrorDetails: Container did not start within expected time limit of 230s. Please inspect your container logs for more details., Details: Site is blocked due to multiple, consecutive cold start failures. Site scheduled to be unblocked at 03/23/2026 18:22:55, DetailsLevel: WARN
2026-03-23T18:22:50.5028526Z Start site prohibitted because the site is being blocked.
2026-03-23T18:22:55.2859807Z Site: truthmeshsjain is unblocked.
2026-03-23T18:22:56.2185404Z State: Starting, Action: EstablishingSiteNetworks, LastError: ContainerTimeout, LastErrorTimestamp: 03/23/2026 18:21:54, LastErrorDetails: Container did not start within expected time limit of 230s. Please inspect your container logs for more details., Details: Site is blocked due to multiple, consecutive cold start failures. Site scheduled to be unblocked at 03/23/2026 18:22:55, DetailsLevel: WARN
2026-03-23T18:22:59.9617283Z State: Starting, Action: StartingSiteContainers, LastError: ContainerTimeout, LastErrorTimestamp: 03/23/2026 18:21:54, LastErrorDetails: Container did not start within expected time limit of 230s. Please inspect your container logs for more details., Details: Site is blocked due to multiple, consecutive cold start failures. Site scheduled to be unblocked at 03/23/2026 18:22:55, DetailsLevel: WARN
2026-03-23T18:22:59.9619299Z Container start method called.
2026-03-23T18:22:59.9620411Z State: Starting, Action: PullingImage, LastError: ContainerTimeout, LastErrorTimestamp: 03/23/2026 18:21:54, LastErrorDetails: Container did not start within expected time limit of 230s. Please inspect your container logs for more details., Details: Pulling image 10.1.0.6:13209/appsvc/python:3.11_20260203.2.tuxprod for truthmeshsjain., DetailsLevel: INFO
2026-03-23T18:22:59.9682146Z Establishing network.
2026-03-23T18:22:59.9684388Z Pulling image: appsvc/python:3.11_20260203.2.tuxprod.
2026-03-23T18:23:00.7628228Z Container is starting.
2026-03-23T18:23:00.7637348Z State: Starting, Action: MountingVolumes, LastError: ContainerTimeout, LastErrorTimestamp: 03/23/2026 18:21:54, LastErrorDetails: Container did not start within expected time limit of 230s. Please inspect your container logs for more details., Details: Mounting volumes for truthmeshsjain., DetailsLevel: INFO
2026-03-23T18:23:00.7639539Z Establishing user namespace if not established already.
2026-03-23T18:23:00.7793400Z Establishing network if not established already.
2026-03-23T18:23:00.7795495Z Mounting volumes.
2026-03-23T18:23:00.7798323Z Nested mountpoint 
2026-03-23T18:23:00.7995067Z Nested mountpoint volatile/logs
2026-03-23T18:23:00.9033564Z Nested mountpoint 
2026-03-23T18:23:00.9051598Z Nested mountpoint 
2026-03-23T18:23:00.9705997Z Nested mountpoint 
2026-03-23T18:23:01.8477135Z State: Starting, Action: CreatingContainer, LastError: ContainerTimeout, LastErrorTimestamp: 03/23/2026 18:21:54, LastErrorDetails: Container did not start within expected time limit of 230s. Please inspect your container logs for more details., Details: Finished pulling container image and mounting volumes for truthmeshsjain. Allocatinng the rest of the container resources to finish container creation., DetailsLevel: INFO
2026-03-23T18:23:01.8478556Z Creating container.
2026-03-23T18:23:01.8479769Z Creating pipes for streaming container io.
2026-03-23T18:23:01.8480944Z Creating stdout named pipe at /podr/container/pipe/777743182b44_truthmeshsjain/stdout_b3bedc211335469b84f035fe51b6e2fe.
2026-03-23T18:23:01.8651591Z Successfully created stdout named pipe at: /podr/container/pipe/777743182b44_truthmeshsjain/stdout_b3bedc211335469b84f035fe51b6e2fe.
2026-03-23T18:23:01.8653341Z Opening named pipe /podr/container/pipe/777743182b44_truthmeshsjain/stdout_b3bedc211335469b84f035fe51b6e2fe for reading in non-blocking mode.
2026-03-23T18:23:01.8654998Z Successfully opened named pipe: /podr/container/pipe/777743182b44_truthmeshsjain/stdout_b3bedc211335469b84f035fe51b6e2fe.
2026-03-23T18:23:01.8656193Z Successfully removed non-blocking flag from /podr/container/pipe/777743182b44_truthmeshsjain/stdout_b3bedc211335469b84f035fe51b6e2fe.
2026-03-23T18:23:01.8752869Z Creating stderr named pipe at /podr/container/pipe/777743182b44_truthmeshsjain/stderr_f94e95d49d954e21911b0d4222643aec.
2026-03-23T18:23:01.8755112Z Successfully created stderr named pipe at: /podr/container/pipe/777743182b44_truthmeshsjain/stderr_f94e95d49d954e21911b0d4222643aec.
2026-03-23T18:23:01.9173314Z Opening named pipe /podr/container/pipe/777743182b44_truthmeshsjain/stderr_f94e95d49d954e21911b0d4222643aec for reading in non-blocking mode.
2026-03-23T18:23:01.9178383Z Successfully opened named pipe: /podr/container/pipe/777743182b44_truthmeshsjain/stderr_f94e95d49d954e21911b0d4222643aec.
2026-03-23T18:23:01.9179717Z Successfully removed non-blocking flag from /podr/container/pipe/777743182b44_truthmeshsjain/stderr_f94e95d49d954e21911b0d4222643aec.
2026-03-23T18:23:01.9194419Z Creating container with image: appsvc/python:3.11_20260203.2.tuxprod from registry: 10.1.0.6:13209 and fully qualified image name: 10.1.0.6:13209/appsvc/python:3.11_20260203.2.tuxprod
2026-03-23T18:23:04.6022097Z Starting container: 777743182b44_truthmeshsjain.
2026-03-23T18:23:04.8117725Z Starting watchers and probes.
2026-03-23T18:23:04.8292332Z Starting metrics collection.
2026-03-23T18:23:04.8304877Z Container is running.
2026-03-23T18:23:04.8678592Z State: Starting, Action: CreatingContainer, LastError: ContainerTimeout, LastErrorTimestamp: 03/23/2026 18:21:54, LastErrorDetails: Container did not start within expected time limit of 230s. Please inspect your container logs for more details., Details: Container truthmeshsjain successfully created and is running., DetailsLevel: INFO
2026-03-23T18:23:05.0962516Z Container start method finished after 5134 ms.
2026-03-23T18:23:05.0964901Z State: Starting, Action: InitiatingSiteWarmUpProbe, LastError: ContainerTimeout, LastErrorTimestamp: 03/23/2026 18:21:54, LastErrorDetails: Container did not start within expected time limit of 230s. Please inspect your container logs for more details., Details: Container truthmeshsjain successfully created and is running., DetailsLevel: INFO
2026-03-23T18:23:05.0965231Z State: Starting, Action: WaitingForSiteWarmUpProbeSuccess, LastError: ContainerTimeout, LastErrorTimestamp: 03/23/2026 18:21:54, LastErrorDetails: Container did not start within expected time limit of 230s. Please inspect your container logs for more details., Details: Pinging warmup path to ensure container is ready to receive requests., DetailsLevel: INFO
2026-03-23T18:24:26.3406366Z Container has finished running with exit code: 1.
2026-03-23T18:24:26.4870319Z Container is terminating. Grace period: 5 seconds.
2026-03-23T18:24:26.7172499Z Stop and delete container. Retry count = 0
2026-03-23T18:24:26.7177218Z Stopping container: 777743182b44_truthmeshsjain.
2026-03-23T18:24:27.2835475Z Deleting container: 777743182b44_truthmeshsjain. Retry count = 0
2026-03-23T18:24:28.8321146Z Container spec TerminationMessagePolicy  path 
2026-03-23T18:24:28.8852262Z Container is terminated. Total time elapsed: 2330 ms.
2026-03-23T18:24:28.9127633Z Site container: truthmeshsjain terminated during site startup.
2026-03-23T18:24:28.9901387Z State: Stopping, Action: CancellingStartup, LastError: ContainerTimeout, LastErrorTimestamp: 03/23/2026 18:21:54, LastErrorDetails: Container did not start within expected time limit of 230s. Please inspect your container logs for more details., Details: Site container: truthmeshsjain terminated during site startup. Cancelling site startup., DetailsLevel: ERR
2026-03-23T18:24:29.1367493Z Site startup probe failed after 84.0386758 seconds.
2026-03-23T18:24:29.7122398Z State: Stopping, Action: CancellingStartup, LastError: ContainerTimeout, LastErrorTimestamp: 03/23/2026 18:24:29, LastErrorDetails: Container did not start within expected time limit of 230s. Please inspect your container logs for more details., Details: Site container: truthmeshsjain terminated during site startup. Cancelling site startup., DetailsLevel: ERR
2026-03-23T18:24:29.8058680Z Failed to start site. Revert by stopping site.
2026-03-23T18:24:29.8244412Z State: Stopping, Action: StoppingSite, LastError: ContainerTimeout, LastErrorTimestamp: 03/23/2026 18:24:29, LastErrorDetails: Container did not start within expected time limit of 230s. Please inspect your container logs for more details., Details: Site container: truthmeshsjain terminated during site startup. Cancelling site startup., DetailsLevel: ERR
2026-03-23T18:24:29.8635903Z State: Stopping, Action: StoppingSiteContainers, LastError: ContainerTimeout, LastErrorTimestamp: 03/23/2026 18:24:29, LastErrorDetails: Container did not start within expected time limit of 230s. Please inspect your container logs for more details., Details: Site container: truthmeshsjain terminated during site startup. Cancelling site startup., DetailsLevel: ERR
2026-03-23T18:24:29.8636464Z Site: truthmeshsjain stopped.
2026-03-23T18:24:29.8816691Z State: Stopping, Action: UnmountingVolumes, LastError: ContainerTimeout, LastErrorTimestamp: 03/23/2026 18:24:29, LastErrorDetails: Container did not start within expected time limit of 230s. Please inspect your container logs for more details., Details: Site container: truthmeshsjain terminated during site startup. Cancelling site startup., DetailsLevel: ERR
2026-03-23T18:24:30.8026109Z State: Stopping, Action: StoppingSiteNetworks, LastError: ContainerTimeout, LastErrorTimestamp: 03/23/2026 18:24:29, LastErrorDetails: Container did not start within expected time limit of 230s. Please inspect your container logs for more details., Details: Site container: truthmeshsjain terminated during site startup. Cancelling site startup., DetailsLevel: ERR
2026-03-23T18:24:31.6813695Z Site: truthmeshsjain will be blocked for 1 minutes till 03/23/2026 18:25:31
2026-03-23T18:24:31.6829328Z State: Blocked, Action: StoppingSiteNetworks, LastError: ContainerTimeout, LastErrorTimestamp: 03/23/2026 18:24:29, LastErrorDetails: Container did not start within expected time limit of 230s. Please inspect your container logs for more details., Details: Site: truthmeshsjain will be blocked for 1 minutes till 03/23/2026 18:25:31, DetailsLevel: WARN
2026-03-23T18:24:31.7390355Z State: Stopped, Action: None, LastError: ContainerTimeout, LastErrorTimestamp: 03/23/2026 18:24:29, LastErrorDetails: Container did not start within expected time limit of 230s. Please inspect your container logs for more details., Details: Site stopped at 03/23/2026 18:24:31 (UTC), DetailsLevel: WARN
2026-03-23T18:24:33.0916575Z State: Stopped, Action: None, LastError: ContainerTimeout, LastErrorTimestamp: 03/23/2026 18:24:29, LastErrorDetails: Container did not start within expected time limit of 230s. Please inspect your container logs for more details., Details: Site stopped at 03/23/2026 18:24:31 (UTC), DetailsLevel: WARN
2026-03-23T18:24:37.7603425Z State: Blocked, Action: None, LastError: ContainerTimeout, LastErrorTimestamp: 03/23/2026 18:24:29, LastErrorDetails: Container did not start within expected time limit of 230s. Please inspect your container logs for more details., Details: Site is blocked due to multiple, consecutive cold start failures. Site scheduled to be unblocked at 03/23/2026 18:25:31, DetailsLevel: WARN
2026-03-23T18:24:37.7603810Z Start site prohibitted because the site is being blocked.
2026-03-23T18:24:43.1856123Z State: Blocked, Action: None, LastError: ContainerTimeout, LastErrorTimestamp: 03/23/2026 18:24:29, LastErrorDetails: Container did not start within expected time limit of 230s. Please inspect your container logs for more details., Details: Site is blocked due to multiple, consecutive cold start failures. Site scheduled to be unblocked at 03/23/2026 18:25:31, DetailsLevel: WARN
2026-03-23T18:24:43.1857192Z Start site prohibitted because the site is being blocked.
2026-03-23T18:24:48.6604315Z State: Blocked, Action: None, LastError: ContainerTimeout, LastErrorTimestamp: 03/23/2026 18:24:29, LastErrorDetails: Container did not start within expected time limit of 230s. Please inspect your container logs for more details., Details: Site is blocked due to multiple, consecutive cold start failures. Site scheduled to be unblocked at 03/23/2026 18:25:31, DetailsLevel: WARN
2026-03-23T18:24:48.6663257Z Start site prohibitted because the site is being blocked.
2026-03-23T18:24:54.1245091Z State: Blocked, Action: None, LastError: ContainerTimeout, LastErrorTimestamp: 03/23/2026 18:24:29, LastErrorDetails: Container did not start within expected time limit of 230s. Please inspect your container logs for more details., Details: Site is blocked due to multiple, consecutive cold start failures. Site scheduled to be unblocked at 03/23/2026 18:25:31, DetailsLevel: WARN
2026-03-23T18:24:54.1245525Z Start site prohibitted because the site is being blocked.
2026-03-23T18:24:59.4455326Z State: Blocked, Action: None, LastError: ContainerTimeout, LastErrorTimestamp: 03/23/2026 18:24:29, LastErrorDetails: Container did not start within expected time limit of 230s. Please inspect your container logs for more details., Details: Site is blocked due to multiple, consecutive cold start failures. Site scheduled to be unblocked at 03/23/2026 18:25:31, DetailsLevel: WARN
2026-03-23T18:24:59.4456149Z Start site prohibitted because the site is being blocked.
2026-03-23T18:25:04.6997139Z State: Blocked, Action: None, LastError: ContainerTimeout, LastErrorTimestamp: 03/23/2026 18:24:29, LastErrorDetails: Container did not start within expected time limit of 230s. Please inspect your container logs for more details., Details: Site is blocked due to multiple, consecutive cold start failures. Site scheduled to be unblocked at 03/23/2026 18:25:31, DetailsLevel: WARN
2026-03-23T18:25:04.6997598Z Start site prohibitted because the site is being blocked.
2026-03-23T18:25:10.1549722Z State: Blocked, Action: None, LastError: ContainerTimeout, LastErrorTimestamp: 03/23/2026 18:24:29, LastErrorDetails: Container did not start within expected time limit of 230s. Please inspect your container logs for more details., Details: Site is blocked due to multiple, consecutive cold start failures. Site scheduled to be unblocked at 03/23/2026 18:25:31, DetailsLevel: WARN
2026-03-23T18:25:10.1550064Z Start site prohibitted because the site is being blocked.
2026-03-23T18:25:15.4422042Z State: Blocked, Action: None, LastError: ContainerTimeout, LastErrorTimestamp: 03/23/2026 18:24:29, LastErrorDetails: Container did not start within expected time limit of 230s. Please inspect your container logs for more details., Details: Site is blocked due to multiple, consecutive cold start failures. Site scheduled to be unblocked at 03/23/2026 18:25:31, DetailsLevel: WARN
2026-03-23T18:25:15.4422982Z Start site prohibitted because the site is being blocked.
2026-03-23T18:25:20.7686006Z State: Blocked, Action: None, LastError: ContainerTimeout, LastErrorTimestamp: 03/23/2026 18:24:29, LastErrorDetails: Container did not start within expected time limit of 230s. Please inspect your container logs for more details., Details: Site is blocked due to multiple, consecutive cold start failures. Site scheduled to be unblocked at 03/23/2026 18:25:31, DetailsLevel: WARN
2026-03-23T18:25:20.7686525Z Start site prohibitted because the site is being blocked.
2026-03-23T18:25:25.9723413Z State: Blocked, Action: None, LastError: ContainerTimeout, LastErrorTimestamp: 03/23/2026 18:24:29, LastErrorDetails: Container did not start within expected time limit of 230s. Please inspect your container logs for more details., Details: Site is blocked due to multiple, consecutive cold start failures. Site scheduled to be unblocked at 03/23/2026 18:25:31, DetailsLevel: WARN
2026-03-23T18:25:25.9723784Z Start site prohibitted because the site is being blocked.
2026-03-23T18:25:31.3362509Z State: Blocked, Action: None, LastError: ContainerTimeout, LastErrorTimestamp: 03/23/2026 18:24:29, LastErrorDetails: Container did not start within expected time limit of 230s. Please inspect your container logs for more details., Details: Site is blocked due to multiple, consecutive cold start failures. Site scheduled to be unblocked at 03/23/2026 18:25:31, DetailsLevel: WARN
2026-03-23T18:25:31.3363342Z Start site prohibitted because the site is being blocked.
2026-03-23T18:25:31.7029810Z Site: truthmeshsjain is unblocked.
2026-03-23T18:25:36.9452799Z State: Starting, Action: EstablishingSiteNetworks, LastError: ContainerTimeout, LastErrorTimestamp: 03/23/2026 18:24:29, LastErrorDetails: Container did not start within expected time limit of 230s. Please inspect your container logs for more details., Details: Site is blocked due to multiple, consecutive cold start failures. Site scheduled to be unblocked at 03/23/2026 18:25:31, DetailsLevel: WARN
2026-03-23T18:25:40.5189301Z State: Starting, Action: StartingSiteContainers, LastError: ContainerTimeout, LastErrorTimestamp: 03/23/2026 18:24:29, LastErrorDetails: Container did not start within expected time limit of 230s. Please inspect your container logs for more details., Details: Site is blocked due to multiple, consecutive cold start failures. Site scheduled to be unblocked at 03/23/2026 18:25:31, DetailsLevel: WARN
2026-03-23T18:25:40.5191293Z Container start method called.
2026-03-23T18:25:40.5257084Z State: Starting, Action: PullingImage, LastError: ContainerTimeout, LastErrorTimestamp: 03/23/2026 18:24:29, LastErrorDetails: Container did not start within expected time limit of 230s. Please inspect your container logs for more details., Details: Pulling image 10.1.0.6:13209/appsvc/python:3.11_20260203.2.tuxprod for truthmeshsjain., DetailsLevel: INFO
2026-03-23T18:25:40.5363691Z Establishing network.
2026-03-23T18:25:40.5831653Z Pulling image: appsvc/python:3.11_20260203.2.tuxprod.
2026-03-23T18:25:41.6005195Z Container is starting.
2026-03-23T18:25:41.6097154Z State: Starting, Action: MountingVolumes, LastError: ContainerTimeout, LastErrorTimestamp: 03/23/2026 18:24:29, LastErrorDetails: Container did not start within expected time limit of 230s. Please inspect your container logs for more details., Details: Mounting volumes for truthmeshsjain., DetailsLevel: INFO
2026-03-23T18:25:41.6099693Z Establishing user namespace if not established already.
2026-03-23T18:25:41.6101150Z Establishing network if not established already.
2026-03-23T18:25:41.6102675Z Mounting volumes.
2026-03-23T18:25:41.6273548Z Nested mountpoint 
2026-03-23T18:25:41.8198957Z Nested mountpoint volatile/logs
2026-03-23T18:25:41.8762702Z Nested mountpoint 
2026-03-23T18:25:41.8949898Z Nested mountpoint 
2026-03-23T18:25:42.0773763Z Nested mountpoint 
2026-03-23T18:25:43.4709139Z State: Starting, Action: CreatingContainer, LastError: ContainerTimeout, LastErrorTimestamp: 03/23/2026 18:24:29, LastErrorDetails: Container did not start within expected time limit of 230s. Please inspect your container logs for more details., Details: Finished pulling container image and mounting volumes for truthmeshsjain. Allocatinng the rest of the container resources to finish container creation., DetailsLevel: INFO
2026-03-23T18:25:43.4712028Z Creating container.
2026-03-23T18:25:43.5178480Z Creating pipes for streaming container io.
2026-03-23T18:25:43.5243741Z Creating stdout named pipe at /podr/container/pipe/a85b591a2161_truthmeshsjain/stdout_ad4563854a164d16b927b0166db7f5db.
2026-03-23T18:25:43.5439965Z Successfully created stdout named pipe at: /podr/container/pipe/a85b591a2161_truthmeshsjain/stdout_ad4563854a164d16b927b0166db7f5db.
2026-03-23T18:25:43.5450246Z Opening named pipe /podr/container/pipe/a85b591a2161_truthmeshsjain/stdout_ad4563854a164d16b927b0166db7f5db for reading in non-blocking mode.
2026-03-23T18:25:43.5530458Z Successfully opened named pipe: /podr/container/pipe/a85b591a2161_truthmeshsjain/stdout_ad4563854a164d16b927b0166db7f5db.
2026-03-23T18:25:43.5533334Z Successfully removed non-blocking flag from /podr/container/pipe/a85b591a2161_truthmeshsjain/stdout_ad4563854a164d16b927b0166db7f5db.
2026-03-23T18:25:43.5643033Z Creating stderr named pipe at /podr/container/pipe/a85b591a2161_truthmeshsjain/stderr_0b6d46d623a648429bf1dd06dcab4cc5.
2026-03-23T18:25:43.5727597Z Successfully created stderr named pipe at: /podr/container/pipe/a85b591a2161_truthmeshsjain/stderr_0b6d46d623a648429bf1dd06dcab4cc5.
2026-03-23T18:25:43.5730015Z Opening named pipe /podr/container/pipe/a85b591a2161_truthmeshsjain/stderr_0b6d46d623a648429bf1dd06dcab4cc5 for reading in non-blocking mode.
2026-03-23T18:25:43.5747434Z Successfully opened named pipe: /podr/container/pipe/a85b591a2161_truthmeshsjain/stderr_0b6d46d623a648429bf1dd06dcab4cc5.
2026-03-23T18:25:43.5750265Z Successfully removed non-blocking flag from /podr/container/pipe/a85b591a2161_truthmeshsjain/stderr_0b6d46d623a648429bf1dd06dcab4cc5.
2026-03-23T18:25:43.6001651Z Creating container with image: appsvc/python:3.11_20260203.2.tuxprod from registry: 10.1.0.6:13209 and fully qualified image name: 10.1.0.6:13209/appsvc/python:3.11_20260203.2.tuxprod
2026-03-23T18:25:46.1105592Z Starting container: a85b591a2161_truthmeshsjain.
2026-03-23T18:25:46.3789358Z Starting watchers and probes.
2026-03-23T18:25:46.4322100Z Starting metrics collection.
2026-03-23T18:25:46.4972256Z Container is running.
2026-03-23T18:25:46.5000795Z State: Starting, Action: CreatingContainer, LastError: ContainerTimeout, LastErrorTimestamp: 03/23/2026 18:24:29, LastErrorDetails: Container did not start within expected time limit of 230s. Please inspect your container logs for more details., Details: Container truthmeshsjain successfully created and is running., DetailsLevel: INFO
2026-03-23T18:25:46.7241678Z Container start method finished after 6204 ms.
2026-03-23T18:25:46.7244604Z State: Starting, Action: InitiatingSiteWarmUpProbe, LastError: ContainerTimeout, LastErrorTimestamp: 03/23/2026 18:24:29, LastErrorDetails: Container did not start within expected time limit of 230s. Please inspect your container logs for more details., Details: Container truthmeshsjain successfully created and is running., DetailsLevel: INFO
2026-03-23T18:25:46.7245038Z State: Starting, Action: WaitingForSiteWarmUpProbeSuccess, LastError: ContainerTimeout, LastErrorTimestamp: 03/23/2026 18:24:29, LastErrorDetails: Container did not start within expected time limit of 230s. Please inspect your container logs for more details., Details: Pinging warmup path to ensure container is ready to receive requests., DetailsLevel: INFO
2026-03-23T18:26:51.1552543Z Container has finished running with exit code: 1.
2026-03-23T18:26:51.1557735Z Container is terminating. Grace period: 5 seconds.
2026-03-23T18:26:51.1818538Z Stop and delete container. Retry count = 0
2026-03-23T18:26:51.1820571Z Stopping container: a85b591a2161_truthmeshsjain.
2026-03-23T18:26:51.4134813Z Deleting container: a85b591a2161_truthmeshsjain. Retry count = 0
2026-03-23T18:26:51.9179808Z Container spec TerminationMessagePolicy  path 
2026-03-23T18:26:51.9294832Z Container is terminated. Total time elapsed: 773 ms.
2026-03-23T18:26:51.9390082Z Site container: truthmeshsjain terminated during site startup.
2026-03-23T18:26:51.9469028Z State: Stopping, Action: CancellingStartup, LastError: ContainerTimeout, LastErrorTimestamp: 03/23/2026 18:24:29, LastErrorDetails: Container did not start within expected time limit of 230s. Please inspect your container logs for more details., Details: Site container: truthmeshsjain terminated during site startup. Cancelling site startup., DetailsLevel: ERR
2026-03-23T18:26:52.1061029Z Site startup probe failed after 65.3428087 seconds.
2026-03-23T18:26:52.3383659Z State: Stopping, Action: CancellingStartup, LastError: ContainerTimeout, LastErrorTimestamp: 03/23/2026 18:26:52, LastErrorDetails: Container did not start within expected time limit of 230s. Please inspect your container logs for more details., Details: Site container: truthmeshsjain terminated during site startup. Cancelling site startup., DetailsLevel: ERR
2026-03-23T18:26:52.3654097Z Failed to start site. Revert by stopping site.
2026-03-23T18:26:52.3659969Z State: Stopping, Action: StoppingSite, LastError: ContainerTimeout, LastErrorTimestamp: 03/23/2026 18:26:52, LastErrorDetails: Container did not start within expected time limit of 230s. Please inspect your container logs for more details., Details: Site container: truthmeshsjain terminated during site startup. Cancelling site startup., DetailsLevel: ERR
2026-03-23T18:26:52.3668764Z State: Stopping, Action: StoppingSiteContainers, LastError: ContainerTimeout, LastErrorTimestamp: 03/23/2026 18:26:52, LastErrorDetails: Container did not start within expected time limit of 230s. Please inspect your container logs for more details., Details: Site container: truthmeshsjain terminated during site startup. Cancelling site startup., DetailsLevel: ERR
2026-03-23T18:26:52.3669146Z Site: truthmeshsjain stopped.
2026-03-23T18:26:52.4016608Z State: Stopping, Action: UnmountingVolumes, LastError: ContainerTimeout, LastErrorTimestamp: 03/23/2026 18:26:52, LastErrorDetails: Container did not start within expected time limit of 230s. Please inspect your container logs for more details., Details: Site container: truthmeshsjain terminated during site startup. Cancelling site startup., DetailsLevel: ERR
2026-03-23T18:26:52.9910930Z State: Stopping, Action: StoppingSiteNetworks, LastError: ContainerTimeout, LastErrorTimestamp: 03/23/2026 18:26:52, LastErrorDetails: Container did not start within expected time limit of 230s. Please inspect your container logs for more details., Details: Site container: truthmeshsjain terminated during site startup. Cancelling site startup., DetailsLevel: ERR
2026-03-23T18:26:53.4928159Z Site: truthmeshsjain will be blocked for 2 minutes till 03/23/2026 18:28:53
2026-03-23T18:26:53.4931522Z State: Blocked, Action: StoppingSiteNetworks, LastError: ContainerTimeout, LastErrorTimestamp: 03/23/2026 18:26:52, LastErrorDetails: Container did not start within expected time limit of 230s. Please inspect your container logs for more details., Details: Site: truthmeshsjain will be blocked for 2 minutes till 03/23/2026 18:28:53, DetailsLevel: WARN
2026-03-23T18:26:53.4934962Z State: Stopped, Action: None, LastError: ContainerTimeout, LastErrorTimestamp: 03/23/2026 18:26:52, LastErrorDetails: Container did not start within expected time limit of 230s. Please inspect your container logs for more details., Details: Site stopped at 03/23/2026 18:26:53 (UTC), DetailsLevel: WARN
2026-03-23T18:26:54.0498509Z State: Stopped, Action: None, LastError: ContainerTimeout, LastErrorTimestamp: 03/23/2026 18:26:52, LastErrorDetails: Container did not start within expected time limit of 230s. Please inspect your container logs for more details., Details: Site stopped at 03/23/2026 18:26:53 (UTC), DetailsLevel: WARN
2026-03-23T18:26:59.4136342Z State: Blocked, Action: None, LastError: ContainerTimeout, LastErrorTimestamp: 03/23/2026 18:26:52, LastErrorDetails: Container did not start within expected time limit of 230s. Please inspect your container logs for more details., Details: Site is blocked due to multiple, consecutive cold start failures. Site scheduled to be unblocked at 03/23/2026 18:28:53, DetailsLevel: WARN
2026-03-23T18:26:59.4136731Z Start site prohibitted because the site is being blocked.
2026-03-23T18:27:04.6682933Z State: Blocked, Action: None, LastError: ContainerTimeout, LastErrorTimestamp: 03/23/2026 18:26:52, LastErrorDetails: Container did not start within expected time limit of 230s. Please inspect your container logs for more details., Details: Site is blocked due to multiple, consecutive cold start failures. Site scheduled to be unblocked at 03/23/2026 18:28:53, DetailsLevel: WARN
2026-03-23T18:27:04.6683935Z Start site prohibitted because the site is being blocked.
2026-03-23T18:27:10.0589268Z State: Blocked, Action: None, LastError: ContainerTimeout, LastErrorTimestamp: 03/23/2026 18:26:52, LastErrorDetails: Container did not start within expected time limit of 230s. Please inspect your container logs for more details., Details: Site is blocked due to multiple, consecutive cold start failures. Site scheduled to be unblocked at 03/23/2026 18:28:53, DetailsLevel: WARN
2026-03-23T18:27:10.0590143Z Start site prohibitted because the site is being blocked.
2026-03-23T18:27:15.3394752Z State: Blocked, Action: None, LastError: ContainerTimeout, LastErrorTimestamp: 03/23/2026 18:26:52, LastErrorDetails: Container did not start within expected time limit of 230s. Please inspect your container logs for more details., Details: Site is blocked due to multiple, consecutive cold start failures. Site scheduled to be unblocked at 03/23/2026 18:28:53, DetailsLevel: WARN
2026-03-23T18:27:15.3395107Z Start site prohibitted because the site is being blocked.
2026-03-23T18:27:20.5325932Z State: Blocked, Action: None, LastError: ContainerTimeout, LastErrorTimestamp: 03/23/2026 18:26:52, LastErrorDetails: Container did not start within expected time limit of 230s. Please inspect your container logs for more details., Details: Site is blocked due to multiple, consecutive cold start failures. Site scheduled to be unblocked at 03/23/2026 18:28:53, DetailsLevel: WARN
2026-03-23T18:27:20.5327147Z Start site prohibitted because the site is being blocked.
2026-03-23T18:27:25.7803193Z State: Blocked, Action: None, LastError: ContainerTimeout, LastErrorTimestamp: 03/23/2026 18:26:52, LastErrorDetails: Container did not start within expected time limit of 230s. Please inspect your container logs for more details., Details: Site is blocked due to multiple, consecutive cold start failures. Site scheduled to be unblocked at 03/23/2026 18:28:53, DetailsLevel: WARN
2026-03-23T18:27:25.7878609Z Start site prohibitted because the site is being blocked.
2026-03-23T18:27:30.9795292Z State: Blocked, Action: None, LastError: ContainerTimeout, LastErrorTimestamp: 03/23/2026 18:26:52, LastErrorDetails: Container did not start within expected time limit of 230s. Please inspect your container logs for more details., Details: Site is blocked due to multiple, consecutive cold start failures. Site scheduled to be unblocked at 03/23/2026 18:28:53, DetailsLevel: WARN
2026-03-23T18:27:30.9796214Z Start site prohibitted because the site is being blocked.
2026-03-23T18:27:36.0921479Z State: Blocked, Action: None, LastError: ContainerTimeout, LastErrorTimestamp: 03/23/2026 18:26:52, LastErrorDetails: Container did not start within expected time limit of 230s. Please inspect your container logs for more details., Details: Site is blocked due to multiple, consecutive cold start failures. Site scheduled to be unblocked at 03/23/2026 18:28:53, DetailsLevel: WARN
2026-03-23T18:27:36.0921837Z Start site prohibitted because the site is being blocked.
2026-03-23T18:27:41.2361026Z State: Blocked, Action: None, LastError: ContainerTimeout, LastErrorTimestamp: 03/23/2026 18:26:52, LastErrorDetails: Container did not start within expected time limit of 230s. Please inspect your container logs for more details., Details: Site is blocked due to multiple, consecutive cold start failures. Site scheduled to be unblocked at 03/23/2026 18:28:53, DetailsLevel: WARN
2026-03-23T18:27:41.2361386Z Start site prohibitted because the site is being blocked.
2026-03-23T18:27:46.4774023Z State: Blocked, Action: None, LastError: ContainerTimeout, LastErrorTimestamp: 03/23/2026 18:26:52, LastErrorDetails: Container did not start within expected time limit of 230s. Please inspect your container logs for more details., Details: Site is blocked due to multiple, consecutive cold start failures. Site scheduled to be unblocked at 03/23/2026 18:28:53, DetailsLevel: WARN
2026-03-23T18:27:46.4774381Z Start site prohibitted because the site is being blocked.
2026-03-23T18:27:51.6851452Z State: Blocked, Action: None, LastError: ContainerTimeout, LastErrorTimestamp: 03/23/2026 18:26:52, LastErrorDetails: Container did not start within expected time limit of 230s. Please inspect your container logs for more details., Details: Site is blocked due to multiple, consecutive cold start failures. Site scheduled to be unblocked at 03/23/2026 18:28:53, DetailsLevel: WARN
2026-03-23T18:27:51.6852220Z Start site prohibitted because the site is being blocked.
2026-03-23T18:27:53.4965244Z State: Blocked, Action: None, LastError: ContainerTimeout, LastErrorTimestamp: 03/23/2026 18:26:52, LastErrorDetails: Container did not start within expected time limit of 230s. Please inspect your container logs for more details., Details: Site is blocked due to multiple, consecutive cold start failures. Site scheduled to be unblocked at 03/23/2026 18:28:53, DetailsLevel: WARN
2026-03-23T18:27:53.4965584Z Start site prohibitted because the site is being blocked.
2026-03-23T18:27:53.9173402Z State: Blocked, Action: None, LastError: ContainerTimeout, LastErrorTimestamp: 03/23/2026 18:26:52, LastErrorDetails: Container did not start within expected time limit of 230s. Please inspect your container logs for more details., Details: Site is blocked due to multiple, consecutive cold start failures. Site scheduled to be unblocked at 03/23/2026 18:28:53, DetailsLevel: WARN
2026-03-23T18:27:53.9174209Z Start site prohibitted because the site is being blocked.
2026-03-23T18:27:56.8413321Z State: Blocked, Action: None, LastError: ContainerTimeout, LastErrorTimestamp: 03/23/2026 18:26:52, LastErrorDetails: Container did not start within expected time limit of 230s. Please inspect your container logs for more details., Details: Site is blocked due to multiple, consecutive cold start failures. Site scheduled to be unblocked at 03/23/2026 18:28:53, DetailsLevel: WARN
2026-03-23T18:27:56.8414572Z Start site prohibitted because the site is being blocked.
2026-03-23T18:28:00.2832709Z State: Blocked, Action: None, LastError: ContainerTimeout, LastErrorTimestamp: 03/23/2026 18:26:52, LastErrorDetails: Container did not start within expected time limit of 230s. Please inspect your container logs for more details., Details: Site is blocked due to multiple, consecutive cold start failures. Site scheduled to be unblocked at 03/23/2026 18:28:53, DetailsLevel: WARN
2026-03-23T18:28:00.2833538Z Start site prohibitted because the site is being blocked.
2026-03-23T18:28:00.6436144Z State: Blocked, Action: None, LastError: ContainerTimeout, LastErrorTimestamp: 03/23/2026 18:26:52, LastErrorDetails: Container did not start within expected time limit of 230s. Please inspect your container logs for more details., Details: Site is blocked due to multiple, consecutive cold start failures. Site scheduled to be unblocked at 03/23/2026 18:28:53, DetailsLevel: WARN
2026-03-23T18:28:00.6437983Z Start site prohibitted because the site is being blocked.
2026-03-23T18:28:02.1177220Z State: Blocked, Action: None, LastError: ContainerTimeout, LastErrorTimestamp: 03/23/2026 18:26:52, LastErrorDetails: Container did not start within expected time limit of 230s. Please inspect your container logs for more details., Details: Site is blocked due to multiple, consecutive cold start failures. Site scheduled to be unblocked at 03/23/2026 18:28:53, DetailsLevel: WARN
2026-03-23T18:28:02.1177664Z Start site prohibitted because the site is being blocked.
2026-03-23T18:28:07.3657393Z State: Blocked, Action: None, LastError: ContainerTimeout, LastErrorTimestamp: 03/23/2026 18:26:52, LastErrorDetails: Container did not start within expected time limit of 230s. Please inspect your container logs for more details., Details: Site is blocked due to multiple, consecutive cold start failures. Site scheduled to be unblocked at 03/23/2026 18:28:53, DetailsLevel: WARN
2026-03-23T18:28:07.3665037Z Start site prohibitted because the site is being blocked.
2026-03-23T18:28:12.5146431Z State: Blocked, Action: None, LastError: ContainerTimeout, LastErrorTimestamp: 03/23/2026 18:26:52, LastErrorDetails: Container did not start within expected time limit of 230s. Please inspect your container logs for more details., Details: Site is blocked due to multiple, consecutive cold start failures. Site scheduled to be unblocked at 03/23/2026 18:28:53, DetailsLevel: WARN
2026-03-23T18:28:12.5147330Z Start site prohibitted because the site is being blocked.
2026-03-23T18:28:17.6340437Z State: Blocked, Action: None, LastError: ContainerTimeout, LastErrorTimestamp: 03/23/2026 18:26:52, LastErrorDetails: Container did not start within expected time limit of 230s. Please inspect your container logs for more details., Details: Site is blocked due to multiple, consecutive cold start failures. Site scheduled to be unblocked at 03/23/2026 18:28:53, DetailsLevel: WARN
2026-03-23T18:28:17.6340941Z Start site prohibitted because the site is being blocked.
2026-03-23T18:28:22.8086293Z State: Blocked, Action: None, LastError: ContainerTimeout, LastErrorTimestamp: 03/23/2026 18:26:52, LastErrorDetails: Container did not start within expected time limit of 230s. Please inspect your container logs for more details., Details: Site is blocked due to multiple, consecutive cold start failures. Site scheduled to be unblocked at 03/23/2026 18:28:53, DetailsLevel: WARN
2026-03-23T18:28:22.8087208Z Start site prohibitted because the site is being blocked.
2026-03-23T18:28:27.9369085Z State: Blocked, Action: None, LastError: ContainerTimeout, LastErrorTimestamp: 03/23/2026 18:26:52, LastErrorDetails: Container did not start within expected time limit of 230s. Please inspect your container logs for more details., Details: Site is blocked due to multiple, consecutive cold start failures. Site scheduled to be unblocked at 03/23/2026 18:28:53, DetailsLevel: WARN
2026-03-23T18:28:27.9369956Z Start site prohibitted because the site is being blocked.
2026-03-23T18:28:33.0389077Z State: Blocked, Action: None, LastError: ContainerTimeout, LastErrorTimestamp: 03/23/2026 18:26:52, LastErrorDetails: Container did not start within expected time limit of 230s. Please inspect your container logs for more details., Details: Site is blocked due to multiple, consecutive cold start failures. Site scheduled to be unblocked at 03/23/2026 18:28:53, DetailsLevel: WARN
2026-03-23T18:28:33.0389520Z Start site prohibitted because the site is being blocked.
2026-03-23T18:28:38.1503196Z State: Blocked, Action: None, LastError: ContainerTimeout, LastErrorTimestamp: 03/23/2026 18:26:52, LastErrorDetails: Container did not start within expected time limit of 230s. Please inspect your container logs for more details., Details: Site is blocked due to multiple, consecutive cold start failures. Site scheduled to be unblocked at 03/23/2026 18:28:53, DetailsLevel: WARN
2026-03-23T18:28:38.1503587Z Start site prohibitted because the site is being blocked.
2026-03-23T18:28:43.2870412Z State: Blocked, Action: None, LastError: ContainerTimeout, LastErrorTimestamp: 03/23/2026 18:26:52, LastErrorDetails: Container did not start within expected time limit of 230s. Please inspect your container logs for more details., Details: Site is blocked due to multiple, consecutive cold start failures. Site scheduled to be unblocked at 03/23/2026 18:28:53, DetailsLevel: WARN
2026-03-23T18:28:43.2881032Z Start site prohibitted because the site is being blocked.
2026-03-23T18:28:48.4127809Z State: Blocked, Action: None, LastError: ContainerTimeout, LastErrorTimestamp: 03/23/2026 18:26:52, LastErrorDetails: Container did not start within expected time limit of 230s. Please inspect your container logs for more details., Details: Site is blocked due to multiple, consecutive cold start failures. Site scheduled to be unblocked at 03/23/2026 18:28:53, DetailsLevel: WARN
2026-03-23T18:28:48.4128189Z Start site prohibitted because the site is being blocked.
2026-03-23T18:28:53.4901546Z Site: truthmeshsjain is unblocked.
2026-03-23T18:28:53.6345293Z State: Starting, Action: EstablishingSiteNetworks, LastError: ContainerTimeout, LastErrorTimestamp: 03/23/2026 18:26:52, LastErrorDetails: Container did not start within expected time limit of 230s. Please inspect your container logs for more details., Details: Site is blocked due to multiple, consecutive cold start failures. Site scheduled to be unblocked at 03/23/2026 18:28:53, DetailsLevel: WARN
