2026-03-29T21:35:23.773985968Z [2026-03-29 21:35:23 +0000] [1] [INFO] Starting gunicorn 25.3.0
2026-03-29T21:35:23.783444756Z [2026-03-29 21:35:23 +0000] [1] [INFO] Listening at: http://0.0.0.0:8000 (1)
2026-03-29T21:35:23.783471173Z [2026-03-29 21:35:23 +0000] [1] [INFO] Using worker: uvicorn.workers.UvicornWorker
2026-03-29T21:35:23.823666853Z [2026-03-29 21:35:23 +0000] [21] [INFO] Booting worker with pid: 21
2026-03-29T21:35:23.856683809Z [2026-03-29 21:35:23 +0000] [22] [INFO] Booting worker with pid: 22
2026-03-29T21:35:23.954956468Z [2026-03-29 21:35:23 +0000] [23] [INFO] Booting worker with pid: 23
2026-03-29T21:35:24.017530310Z [2026-03-29 21:35:24 +0000] [24] [INFO] Booting worker with pid: 24
2026-03-29T21:35:24.199041350Z [2026-03-29 21:35:24 +0000] [1] [ERROR] Control server error: [Errno 13] Permission denied
2026-03-29T21:35:41.673787281Z WARNING:root:FIELD_ENCRYPTION_KEY not set. Storing data in PLAINTEXT.
2026-03-29T21:35:41.715119813Z WARNING:root:FIELD_ENCRYPTION_KEY not set. Storing data in PLAINTEXT.
2026-03-29T21:35:42.136426240Z [2026-03-29 21:35:41 +0000] [22] [ERROR] Exception in worker process
2026-03-29T21:35:42.136454802Z Traceback (most recent call last):
2026-03-29T21:35:42.136458462Z   File "/opt/venv/lib/python3.12/site-packages/gunicorn/arbiter.py", line 713, in spawn_worker
2026-03-29T21:35:42.136461802Z     worker.init_process()
2026-03-29T21:35:42.136464497Z   File "/opt/venv/lib/python3.12/site-packages/gunicorn/workers/base.py", line 136, in init_process
2026-03-29T21:35:42.136467348Z     self.load_wsgi()
2026-03-29T21:35:42.136469935Z   File "/opt/venv/lib/python3.12/site-packages/gunicorn/workers/base.py", line 148, in load_wsgi
2026-03-29T21:35:42.136473007Z     self.wsgi = self.app.wsgi()
2026-03-29T21:35:42.136475584Z                 ^^^^^^^^^^^^^^^
2026-03-29T21:35:42.136478194Z   File "/opt/venv/lib/python3.12/site-packages/gunicorn/app/base.py", line 66, in wsgi
2026-03-29T21:35:42.136480970Z     self.callable = self.load()
2026-03-29T21:35:42.136483530Z                     ^^^^^^^^^^^
2026-03-29T21:35:42.136486081Z   File "/opt/venv/lib/python3.12/site-packages/gunicorn/app/wsgiapp.py", line 57, in load
2026-03-29T21:35:42.136488800Z     return self.load_wsgiapp()
2026-03-29T21:35:42.136491377Z            ^^^^^^^^^^^^^^^^^^^
2026-03-29T21:35:42.136494037Z   File "/opt/venv/lib/python3.12/site-packages/gunicorn/app/wsgiapp.py", line 47, in load_wsgiapp
2026-03-29T21:35:42.136496883Z     return util.import_app(self.app_uri)
2026-03-29T21:35:42.136499489Z            ^^^^^^^^^^^^^^^^^^^^^^^^^^^^^
2026-03-29T21:35:42.136502079Z   File "/opt/venv/lib/python3.12/site-packages/gunicorn/util.py", line 377, in import_app
2026-03-29T21:35:42.136504865Z     mod = importlib.import_module(module)
2026-03-29T21:35:42.136507467Z           ^^^^^^^^^^^^^^^^^^^^^^^^^^^^^^^
2026-03-29T21:35:42.136510035Z   File "/usr/local/lib/python3.12/importlib/__init__.py", line 90, in import_module
2026-03-29T21:35:42.136525062Z     return _bootstrap._gcd_import(name[level:], package, level)
2026-03-29T21:35:42.136527606Z            ^^^^^^^^^^^^^^^^^^^^^^^^^^^^^^^^^^^^^^^^^^^^^^^^^^^^
2026-03-29T21:35:42.136529617Z   File "<frozen importlib._bootstrap>", line 1387, in _gcd_import
2026-03-29T21:35:42.136532248Z   File "<frozen importlib._bootstrap>", line 1360, in _find_and_load
2026-03-29T21:35:42.136534837Z   File "<frozen importlib._bootstrap>", line 1331, in _find_and_load_unlocked
2026-03-29T21:35:42.136537071Z   File "<frozen importlib._bootstrap>", line 935, in _load_unlocked
2026-03-29T21:35:42.136539197Z   File "<frozen importlib._bootstrap_external>", line 999, in exec_module
2026-03-29T21:35:42.136541358Z   File "<frozen importlib._bootstrap>", line 488, in _call_with_frames_removed
2026-03-29T21:35:42.136543519Z   File "/app/main.py", line 55, in <module>
2026-03-29T21:35:42.136545798Z     from auth import (
2026-03-29T21:35:42.136547824Z   File "/app/auth.py", line 17, in <module>
2026-03-29T21:35:42.136549919Z     raise RuntimeError(
2026-03-29T21:35:42.136552509Z RuntimeError: FATAL: JWT_SECRET_KEY environment variable is not set. Generate one with: python -c "import secrets; print(secrets.token_hex(32))"
2026-03-29T21:35:42.427025560Z FATAL: JWT_SECRET_KEY environment variable is not set. Generate one with: python -c "import secrets; print(secrets.token_hex(32))"
2026-03-29T21:35:42.427054619Z [2026-03-29 21:35:42 +0000] [22] [INFO] Worker exiting (pid: 22)
2026-03-29T21:35:42.427057499Z [2026-03-29 21:35:41 +0000] [24] [ERROR] Exception in worker process
2026-03-29T21:35:42.427112436Z Traceback (most recent call last):
2026-03-29T21:35:42.427115272Z   File "/opt/venv/lib/python3.12/site-packages/gunicorn/arbiter.py", line 713, in spawn_worker
2026-03-29T21:35:42.427117852Z     worker.init_process()
2026-03-29T21:35:42.427119943Z   File "/opt/venv/lib/python3.12/site-packages/gunicorn/workers/base.py", line 136, in init_process
2026-03-29T21:35:42.427122492Z     self.load_wsgi()
2026-03-29T21:35:42.427124779Z   File "/opt/venv/lib/python3.12/site-packages/gunicorn/workers/base.py", line 148, in load_wsgi
2026-03-29T21:35:42.427126861Z     self.wsgi = self.app.wsgi()
2026-03-29T21:35:42.427128790Z                 ^^^^^^^^^^^^^^^
2026-03-29T21:35:42.427131214Z   File "/opt/venv/lib/python3.12/site-packages/gunicorn/app/base.py", line 66, in wsgi
2026-03-29T21:35:42.427133334Z     self.callable = self.load()
2026-03-29T21:35:42.427135226Z                     ^^^^^^^^^^^
2026-03-29T21:35:42.427137170Z   File "/opt/venv/lib/python3.12/site-packages/gunicorn/app/wsgiapp.py", line 57, in load
2026-03-29T21:35:42.427139332Z     return self.load_wsgiapp()
2026-03-29T21:35:42.427141258Z            ^^^^^^^^^^^^^^^^^^^
2026-03-29T21:35:42.427153610Z   File "/opt/venv/lib/python3.12/site-packages/gunicorn/app/wsgiapp.py", line 47, in load_wsgiapp
2026-03-29T21:35:42.427156092Z     return util.import_app(self.app_uri)
2026-03-29T21:35:42.427158136Z            ^^^^^^^^^^^^^^^^^^^^^^^^^^^^^
2026-03-29T21:35:42.427160111Z   File "/opt/venv/lib/python3.12/site-packages/gunicorn/util.py", line 377, in import_app
2026-03-29T21:35:42.427162235Z     mod = importlib.import_module(module)
2026-03-29T21:35:42.427164162Z           ^^^^^^^^^^^^^^^^^^^^^^^^^^^^^^^
2026-03-29T21:35:42.427166128Z   File "/usr/local/lib/python3.12/importlib/__init__.py", line 90, in import_module
2026-03-29T21:35:42.427168199Z     return _bootstrap._gcd_import(name[level:], package, level)
2026-03-29T21:35:42.427170132Z            ^^^^^^^^^^^^^^^^^^^^^^^^^^^^^^^^^^^^^^^^^^^^^^^^^^^^
2026-03-29T21:35:42.427172147Z   File "<frozen importlib._bootstrap>", line 1387, in _gcd_import
2026-03-29T21:35:42.427174700Z   File "<frozen importlib._bootstrap>", line 1360, in _find_and_load
2026-03-29T21:35:42.427176857Z   File "<frozen importlib._bootstrap>", line 1331, in _find_and_load_unlocked
2026-03-29T21:35:42.427184731Z   File "<frozen importlib._bootstrap>", line 935, in _load_unlocked
2026-03-29T21:35:42.427186900Z   File "<frozen importlib._bootstrap_external>", line 999, in exec_module
2026-03-29T21:35:42.427189167Z   File "<frozen importlib._bootstrap>", line 488, in _call_with_frames_removed
2026-03-29T21:35:42.427192491Z   File "/app/main.py", line 55, in <module>
2026-03-29T21:35:42.427194860Z     from auth import (
2026-03-29T21:35:42.427196815Z   File "/app/auth.py", line 17, in <module>
2026-03-29T21:35:42.427198974Z     raise RuntimeError(
2026-03-29T21:35:42.427200997Z RuntimeError: FATAL: JWT_SECRET_KEY environment variable is not set. Generate one with: python -c "import secrets; print(secrets.token_hex(32))"
2026-03-29T21:35:42.427203359Z FATAL: JWT_SECRET_KEY environment variable is not set. Generate one with: python -c "import secrets; print(secrets.token_hex(32))"
2026-03-29T21:35:42.427205578Z [2026-03-29 21:35:42 +0000] [24] [INFO] Worker exiting (pid: 24)
2026-03-29T21:35:42.550143993Z WARNING:root:FIELD_ENCRYPTION_KEY not set. Storing data in PLAINTEXT.
2026-03-29T21:35:42.769663201Z WARNING:root:FIELD_ENCRYPTION_KEY not set. Storing data in PLAINTEXT.
2026-03-29T21:35:42.790657410Z [2026-03-29 21:35:42 +0000] [23] [ERROR] Exception in worker process
2026-03-29T21:35:42.790687500Z Traceback (most recent call last):
2026-03-29T21:35:42.790690454Z   File "/opt/venv/lib/python3.12/site-packages/gunicorn/arbiter.py", line 713, in spawn_worker
2026-03-29T21:35:42.790693356Z     worker.init_process()
2026-03-29T21:35:42.790695495Z   File "/opt/venv/lib/python3.12/site-packages/gunicorn/workers/base.py", line 136, in init_process
2026-03-29T21:35:42.790712051Z     self.load_wsgi()
2026-03-29T21:35:42.790714277Z   File "/opt/venv/lib/python3.12/site-packages/gunicorn/workers/base.py", line 148, in load_wsgi
2026-03-29T21:35:42.820357703Z     self.wsgi = self.app.wsgi()
2026-03-29T21:35:42.820384980Z                 ^^^^^^^^^^^^^^^
2026-03-29T21:35:42.820387670Z   File "/opt/venv/lib/python3.12/site-packages/gunicorn/app/base.py", line 66, in wsgi
2026-03-29T21:35:42.820390053Z     self.callable = self.load()
2026-03-29T21:35:42.820392326Z                     ^^^^^^^^^^^
2026-03-29T21:35:42.820394367Z   File "/opt/venv/lib/python3.12/site-packages/gunicorn/app/wsgiapp.py", line 57, in load
2026-03-29T21:35:42.820396559Z     return self.load_wsgiapp()
2026-03-29T21:35:42.820398466Z            ^^^^^^^^^^^^^^^^^^^
2026-03-29T21:35:42.820400456Z   File "/opt/venv/lib/python3.12/site-packages/gunicorn/app/wsgiapp.py", line 47, in load_wsgiapp
2026-03-29T21:35:42.820402705Z     return util.import_app(self.app_uri)
2026-03-29T21:35:42.820404719Z            ^^^^^^^^^^^^^^^^^^^^^^^^^^^^^
2026-03-29T21:35:42.820406643Z   File "/opt/venv/lib/python3.12/site-packages/gunicorn/util.py", line 377, in import_app
2026-03-29T21:35:42.820408811Z     mod = importlib.import_module(module)
2026-03-29T21:35:42.820410820Z           ^^^^^^^^^^^^^^^^^^^^^^^^^^^^^^^
2026-03-29T21:35:42.820412930Z   File "/usr/local/lib/python3.12/importlib/__init__.py", line 90, in import_module
2026-03-29T21:35:42.820415086Z     return _bootstrap._gcd_import(name[level:], package, level)
2026-03-29T21:35:42.820417180Z            ^^^^^^^^^^^^^^^^^^^^^^^^^^^^^^^^^^^^^^^^^^^^^^^^^^^^
2026-03-29T21:35:42.820419243Z   File "<frozen importlib._bootstrap>", line 1387, in _gcd_import
2026-03-29T21:35:42.820421879Z   File "<frozen importlib._bootstrap>", line 1360, in _find_and_load
2026-03-29T21:35:42.820424007Z   File "<frozen importlib._bootstrap>", line 1331, in _find_and_load_unlocked
2026-03-29T21:35:42.820426165Z   File "<frozen importlib._bootstrap>", line 935, in _load_unlocked
2026-03-29T21:35:42.820428260Z   File "<frozen importlib._bootstrap_external>", line 999, in exec_module
2026-03-29T21:35:42.820430421Z   File "<frozen importlib._bootstrap>", line 488, in _call_with_frames_removed
2026-03-29T21:35:42.820432597Z   File "/app/main.py", line 55, in <module>
2026-03-29T21:35:42.820434872Z     from auth import (
2026-03-29T21:35:42.820436767Z   File "/app/auth.py", line 17, in <module>
2026-03-29T21:35:42.820438870Z     raise RuntimeError(
2026-03-29T21:35:42.820444962Z RuntimeError: FATAL: JWT_SECRET_KEY environment variable is not set. Generate one with: python -c "import secrets; print(secrets.token_hex(32))"
2026-03-29T21:35:42.820447435Z FATAL: JWT_SECRET_KEY environment variable is not set. Generate one with: python -c "import secrets; print(secrets.token_hex(32))"
2026-03-29T21:35:42.820464106Z [2026-03-29 21:35:42 +0000] [23] [INFO] Worker exiting (pid: 23)
2026-03-29T21:35:42.990432940Z [2026-03-29 21:35:42 +0000] [21] [ERROR] Exception in worker process
2026-03-29T21:35:42.990468827Z Traceback (most recent call last):
2026-03-29T21:35:42.990472293Z   File "/opt/venv/lib/python3.12/site-packages/gunicorn/arbiter.py", line 713, in spawn_worker
2026-03-29T21:35:42.990475241Z     worker.init_process()
2026-03-29T21:35:42.990477330Z   File "/opt/venv/lib/python3.12/site-packages/gunicorn/workers/base.py", line 136, in init_process
2026-03-29T21:35:42.990480325Z     self.load_wsgi()
2026-03-29T21:35:42.990482290Z   File "/opt/venv/lib/python3.12/site-packages/gunicorn/workers/base.py", line 148, in load_wsgi
2026-03-29T21:35:42.990484465Z     self.wsgi = self.app.wsgi()
2026-03-29T21:35:42.990486302Z                 ^^^^^^^^^^^^^^^
2026-03-29T21:35:42.990488181Z   File "/opt/venv/lib/python3.12/site-packages/gunicorn/app/base.py", line 66, in wsgi
2026-03-29T21:35:42.990490235Z     self.callable = self.load()
2026-03-29T21:35:42.990492194Z                     ^^^^^^^^^^^
2026-03-29T21:35:42.990494111Z   File "/opt/venv/lib/python3.12/site-packages/gunicorn/app/wsgiapp.py", line 57, in load
2026-03-29T21:35:42.990496212Z     return self.load_wsgiapp()
2026-03-29T21:35:43.009901702Z            ^^^^^^^^^^^^^^^^^^^
2026-03-29T21:35:43.009927146Z   File "/opt/venv/lib/python3.12/site-packages/gunicorn/app/wsgiapp.py", line 47, in load_wsgiapp
2026-03-29T21:35:43.009929988Z     return util.import_app(self.app_uri)
2026-03-29T21:35:43.009931999Z            ^^^^^^^^^^^^^^^^^^^^^^^^^^^^^
2026-03-29T21:35:43.009934010Z   File "/opt/venv/lib/python3.12/site-packages/gunicorn/util.py", line 377, in import_app
2026-03-29T21:35:43.009936321Z     mod = importlib.import_module(module)
2026-03-29T21:35:43.009938327Z           ^^^^^^^^^^^^^^^^^^^^^^^^^^^^^^^
2026-03-29T21:35:43.009940492Z   File "/usr/local/lib/python3.12/importlib/__init__.py", line 90, in import_module
2026-03-29T21:35:43.009942754Z     return _bootstrap._gcd_import(name[level:], package, level)
2026-03-29T21:35:43.009944833Z            ^^^^^^^^^^^^^^^^^^^^^^^^^^^^^^^^^^^^^^^^^^^^^^^^^^^^
2026-03-29T21:35:43.009947002Z   File "<frozen importlib._bootstrap>", line 1387, in _gcd_import
2026-03-29T21:35:43.009949884Z   File "<frozen importlib._bootstrap>", line 1360, in _find_and_load
2026-03-29T21:35:43.009952033Z   File "<frozen importlib._bootstrap>", line 1331, in _find_and_load_unlocked
2026-03-29T21:35:43.009954191Z   File "<frozen importlib._bootstrap>", line 935, in _load_unlocked
2026-03-29T21:35:43.009956388Z   File "<frozen importlib._bootstrap_external>", line 999, in exec_module
2026-03-29T21:35:43.009978351Z   File "<frozen importlib._bootstrap>", line 488, in _call_with_frames_removed
2026-03-29T21:35:43.009980949Z   File "/app/main.py", line 55, in <module>
2026-03-29T21:35:43.009983232Z     from auth import (
2026-03-29T21:35:43.009985257Z   File "/app/auth.py", line 17, in <module>
2026-03-29T21:35:43.009987374Z     raise RuntimeError(
2026-03-29T21:35:43.009993601Z RuntimeError: FATAL: JWT_SECRET_KEY environment variable is not set. Generate one with: python -c "import secrets; print(secrets.token_hex(32))"
2026-03-29T21:35:43.011612764Z FATAL: JWT_SECRET_KEY environment variable is not set. Generate one with: python -c "import secrets; print(secrets.token_hex(32))"
2026-03-29T21:35:43.011621655Z [2026-03-29 21:35:42 +0000] [21] [INFO] Worker exiting (pid: 21)
2026-03-29T21:35:45.265334998Z [2026-03-29 21:35:45 +0000] [1] [ERROR] Worker (pid:22) exited with code 3.
2026-03-29T21:35:45.386226879Z [2026-03-29 21:35:45 +0000] [1] [INFO] Worker (pid:21) was sent SIGTERM!
2026-03-29T21:35:45.386255597Z [2026-03-29 21:35:45 +0000] [1] [INFO] Worker (pid:23) was sent SIGTERM!
2026-03-29T21:35:45.386258933Z [2026-03-29 21:35:45 +0000] [1] [ERROR] Worker (pid:24) exited with code 3.
2026-03-29T21:35:45.386261229Z Traceback (most recent call last):
2026-03-29T21:35:45.386263423Z   File "/opt/venv/lib/python3.12/site-packages/gunicorn/arbiter.py", line 246, in run
2026-03-29T21:35:45.386265968Z     handler()
2026-03-29T21:35:45.386268022Z   File "/opt/venv/lib/python3.12/site-packages/gunicorn/arbiter.py", line 271, in handle_chld
2026-03-29T21:35:45.386270310Z     self.reap_workers()
2026-03-29T21:35:45.386272324Z   File "/opt/venv/lib/python3.12/site-packages/gunicorn/arbiter.py", line 641, in reap_workers
2026-03-29T21:35:45.386274962Z     raise HaltServer(reason, self.WORKER_BOOT_ERROR)
2026-03-29T21:35:45.386277126Z gunicorn.errors.HaltServer: <HaltServer 'Worker failed to boot.' 3>
2026-03-29T21:35:45.386279665Z 
2026-03-29T21:35:45.386281557Z During handling of the above exception, another exception occurred:
2026-03-29T21:35:45.386283632Z 
2026-03-29T21:35:45.386285508Z Traceback (most recent call last):
2026-03-29T21:35:45.386287549Z   File "/opt/venv/bin/gunicorn", line 6, in <module>
2026-03-29T21:35:45.386289804Z     sys.exit(run())
2026-03-29T21:35:45.386291722Z              ^^^^^
2026-03-29T21:35:45.386293732Z   File "/opt/venv/lib/python3.12/site-packages/gunicorn/app/wsgiapp.py", line 66, in run
2026-03-29T21:35:45.386295889Z     WSGIApplication("%(prog)s [OPTIONS] [APP_MODULE]", prog=prog).run()
2026-03-29T21:35:45.386298104Z   File "/opt/venv/lib/python3.12/site-packages/gunicorn/app/base.py", line 235, in run
2026-03-29T21:35:45.386300242Z     super().run()
2026-03-29T21:35:45.386302216Z   File "/opt/venv/lib/python3.12/site-packages/gunicorn/app/base.py", line 71, in run
2026-03-29T21:35:45.386320603Z     Arbiter(self).run()
2026-03-29T21:35:45.386322784Z   File "/opt/venv/lib/python3.12/site-packages/gunicorn/arbiter.py", line 254, in run
2026-03-29T21:35:45.386324860Z     self.halt(reason=inst.reason, exit_status=inst.exit_status)
2026-03-29T21:35:45.386326953Z   File "/opt/venv/lib/python3.12/site-packages/gunicorn/arbiter.py", line 378, in halt
2026-03-29T21:35:45.386329094Z     self.stop()
2026-03-29T21:35:45.386331026Z   File "/opt/venv/lib/python3.12/site-packages/gunicorn/arbiter.py", line 458, in stop
2026-03-29T21:35:45.386333111Z     self.reap_workers()
2026-03-29T21:35:45.386335056Z   File "/opt/venv/lib/python3.12/site-packages/gunicorn/arbiter.py", line 641, in reap_workers
2026-03-29T21:35:45.386337244Z     raise HaltServer(reason, self.WORKER_BOOT_ERROR)
2026-03-29T21:35:45.386339245Z gunicorn.errors.HaltServer: <HaltServer 'Worker failed to boot.' 3>

